GIF出力が有効です。'simulation.gif' を生成します。
=== シミュレーション設定 ===
停止時間: 1800.0秒, 車両1区間移動時間: 616.9秒
描画間隔: 120秒（2分ごと）
車両速度: 2.78 m/s (10.0 km/h), ドローン速度: 5.56 m/s (20.0 km/h)
ドローン台数: 1台, 出発間隔: 3392.9秒 (56.5分)
ドローン1周時間: 3392.9秒 (56.5分)
ドローン物資運搬: 往復2回, 停止時間10分（集積所・避難所共通）

シミュレーションを開始します。GIFファイル 'simulation.gif' を生成します...
円の半径: 3000.0 m, 車両速度: 2.78 m/s, 拠点数: 11
シミュレーション開始: 集積所から出発
移動開始: 拠点0 → 拠点1
ドローン1: 出発（時刻1.0秒）
周回: 1/3 | 避難所1に到着。1800秒間停止します。
移動開始: 拠点1 → 拠点2
周回: 1/3 | 避難所2に到着。1800秒間停止します。
移動開始: 拠点2 → 拠点3
周回: 1/3 | 避難所3に到着。1800秒間停止します。
移動開始: 拠点3 → 拠点4
周回: 1/3 | 避難所4に到着。1800秒間停止します。
移動開始: 拠点4 → 拠点5
周回: 1/3 | 避難所5に到着。1800秒間停止します。
移動開始: 拠点5 → 拠点6
周回: 1/3 | 避難所6に到着。1800秒間停止します。
移動開始: 拠点6 → 拠点7
周回: 1/3 | 避難所7に到着。1800秒間停止します。
移動開始: 拠点7 → 拠点8
周回: 1/3 | 避難所8に到着。1800秒間停止します。
移動開始: 拠点8 → 拠点9
周回: 1/3 | 避難所9に到着。1800秒間停止します。
移動開始: 拠点9 → 拠点10
周回: 1/3 | 避難所10に到着。1800秒間停止します。
--- 1周目完了 ---
移動開始: 拠点10 → 拠点0
情報発生: 時刻 24713.8秒 (411.9分) : 避難所 4
周回: 2/3 | 集積所に到着。1800秒間停止します。
ドローン1: 避難所4で情報検出、集積所へ向かいます
移動開始: 拠点0 → 拠点1
ドローン: 集積所到着（物資積載開始）
情報発生: 時刻 25710.4秒 (428.5分) : 避難所 10
周回: 2/3 | 避難所1に到着。1800秒間停止します。
ドローン: 集積所出発（避難所4へ）
ドローン: 避難所4到着（物資降ろし開始）
移動開始: 拠点1 → 拠点2
ドローン: 避難所4出発（往復2/2回目）
周回: 2/3 | 避難所2に到着。1800秒間停止します。
ドローン: 集積所到着（物資積載開始）
ドローン: 集積所出発（避難所4へ）
移動開始: 拠点2 → 拠点3
ドローン: 避難所4到着（物資降ろし開始）
周回: 2/3 | 避難所3に到着。1800秒間停止します。
ドローン: 物資運搬完了、通常巡回に復帰
ドローン1: 避難所4で情報検出、集積所へ向かいます
ドローン: 集積所到着（物資積載開始）
ドローン: 集積所出発（避難所4へ）
移動開始: 拠点3 → 拠点4
情報発生: 時刻 32723.9秒 (545.4分) : 避難所 9
情報発生: 時刻 33065.9秒 (551.1分) : 避難所 10
周回: 2/3 | 避難所4に到着。1800秒間停止します。
  情報回収: 発生24713.8秒 → 回収34453.4秒 (Tc=9739.6秒=162.3分)
ドローン: 避難所4到着（物資降ろし開始）
ドローン: 避難所4出発（往復2/2回目）
移動開始: 拠点4 → 拠点5
ドローン: 集積所到着（物資積載開始）
周回: 2/3 | 避難所5に到着。1800秒間停止します。
ドローン: 集積所出発（避難所4へ）
ドローン: 避難所4到着（物資降ろし開始）
ドローン: 物資運搬完了、通常巡回に復帰
移動開始: 拠点5 → 拠点6
周回: 2/3 | 避難所6に到着。1800秒間停止します。
ドローン1: 避難所10で情報検出、集積所へ向かいます
ドローン: 集積所到着（物資積載開始）
ドローン: 集積所出発（避難所10へ）
移動開始: 拠点6 → 拠点7
ドローン: 避難所10到着（物資降ろし開始）
周回: 2/3 | 避難所7に到着。1800秒間停止します。
ドローン: 避難所10出発（往復2/2回目）
ドローン: 集積所到着（物資積載開始）
ドローン: 集積所出発（避難所10へ）
ドローン: 避難所10到着（物資降ろし開始）
移動開始: 拠点7 → 拠点8
ドローン: 物資運搬完了、通常巡回に復帰
ドローン1: 避難所10で情報検出、集積所へ向かいます
ドローン: 集積所到着（物資積載開始）
周回: 2/3 | 避難所8に到着。1800秒間停止します。
ドローン: 集積所出発（避難所10へ）
ドローン: 避難所10到着（物資降ろし開始）
ドローン: 避難所10出発（往復2/2回目）
ドローン: 集積所到着（物資積載開始）
移動開始: 拠点8 → 拠点9
ドローン: 集積所出発（避難所10へ）
周回: 2/3 | 避難所9に到着。1800秒間停止します。
  情報回収: 発生32723.9秒 → 回収46537.9秒 (Tc=13814.0秒=230.2分)
ドローン: 避難所10到着（物資降ろし開始）
ドローン: 物資運搬完了、通常巡回に復帰
ドローン1: 避難所10で情報検出、集積所へ向かいます
ドローン: 集積所到着（物資積載開始）
ドローン: 集積所出発（避難所10へ）
移動開始: 拠点9 → 拠点10
ドローン: 避難所10到着（物資降ろし開始）
周回: 2/3 | 避難所10に到着。1800秒間停止します。
  情報回収: 発生25710.4秒 → 回収48954.8秒 (Tc=23244.4秒=387.4分)
  情報回収: 発生33065.9秒 → 回収48954.8秒 (Tc=15888.9秒=264.8分)
ドローン: 避難所10出発（往復2/2回目）
ドローン: 集積所到着（物資積載開始）
ドローン: 集積所出発（避難所10へ）
ドローン: 避難所10到着（物資降ろし開始）
--- 2周目完了 ---
移動開始: 拠点10 → 拠点0
ドローン: 物資運搬完了、通常巡回に復帰
周回: 3/3 | 集積所に到着。1800秒間停止します。
移動開始: 拠点0 → 拠点1
周回: 3/3 | 避難所1に到着。1800秒間停止します。
移動開始: 拠点1 → 拠点2
周回: 3/3 | 避難所2に到着。1800秒間停止します。
移動開始: 拠点2 → 拠点3
周回: 3/3 | 避難所3に到着。1800秒間停止します。
移動開始: 拠点3 → 拠点4
周回: 3/3 | 避難所4に到着。1800秒間停止します。
移動開始: 拠点4 → 拠点5
情報発生: 時刻 61696.8秒 (1028.3分) : 避難所 9
周回: 3/3 | 避難所5に到着。1800秒間停止します。
ドローン1: 避難所9で情報検出、集積所へ向かいます
移動開始: 拠点5 → 拠点6
ドローン: 集積所到着（物資積載開始）
周回: 3/3 | 避難所6に到着。1800秒間停止します。
ドローン: 集積所出発（避難所9へ）
ドローン: 避難所9到着（物資降ろし開始）
ドローン: 避難所9出発（往復2/2回目）
ドローン: 集積所到着（物資積載開始）
移動開始: 拠点6 → 拠点7
ドローン: 集積所出発（避難所9へ）
周回: 3/3 | 避難所7に到着。1800秒間停止します。
ドローン: 避難所9到着（物資降ろし開始）
ドローン: 物資運搬完了、通常巡回に復帰
ドローン1: 避難所9で情報検出、集積所へ向かいます
ドローン: 集積所到着（物資積載開始）
移動開始: 拠点7 → 拠点8
ドローン: 集積所出発（避難所9へ）
周回: 3/3 | 避難所8に到着。1800秒間停止します。
ドローン: 避難所9到着（物資降ろし開始）
ドローン: 避難所9出発（往復2/2回目）
ドローン: 集積所到着（物資積載開始）
移動開始: 拠点8 → 拠点9
ドローン: 集積所出発（避難所9へ）
周回: 3/3 | 避難所9に到着。1800秒間停止します。
  情報回収: 発生61696.8秒 → 回収73123.7秒 (Tc=11426.9秒=190.4分)
ドローン: 避難所9到着（物資降ろし開始）
ドローン: 物資運搬完了、通常巡回に復帰
移動開始: 拠点9 → 拠点10
周回: 3/3 | 避難所10に到着。1800秒間停止します。
--- 3周目完了 ---
移動682 frames in animation sequence
始: 拠点10 → 拠点0

=== シミュレーション終了 ===
完了周回数: 3周
総経過時間: 77958秒 (21.7時間)
車両総移動距離: 56548.7 m (56.55 km)
車両平均速度: 2.78 m/s (10.0 km/h)

=== 情報回収システム統計 ===
総情報発生数: 5件
回収済み情報数: 5件
未回収情報数: 0件
Tc平均値: 14822.76秒 (247.05分)
Tc総計: 74113.79秒 (20.59時間)

=== GIF出力処理 ===
'simulation.gif' がカレントディレクトリに生成されました。
